0 info it worked if it ends with ok
1 verbose cli [ '/usr/bin/node', '/usr/bin/npm', 'run', 'dev' ]
2 info using npm@3.10.10
3 info using node@v6.11.4
4 verbose run-script [ 'predev', 'dev', 'postdev' ]
5 info lifecycle mobius@0.0.1~predev: mobius@0.0.1
6 silly lifecycle mobius@0.0.1~predev: no script for predev, continuing
7 info lifecycle mobius@0.0.1~dev: mobius@0.0.1
8 verbose lifecycle mobius@0.0.1~dev: unsafe-perm in lifecycle true
9 verbose lifecycle mobius@0.0.1~dev: PATH: /usr/lib/node_modules/npm/bin/node-gyp-bin:/home/marc/webdev/gui (copy)/node_modules/.bin:/root/.conscript/bin:/root/.conscript/bin:/usr/local/sbin:/usr/local/bin:/usr/sbin:/usr/bin:/sbin:/bin:/snap/bin:/usr/lib/jvm/java-8-oracle/bin:/usr/lib/jvm/java-8-oracle/db/bin:/usr/lib/jvm/java-8-oracle/jre/bin:/usr/local/go/bin:/home/marc/go/bin:/root/.conscript/bin:/usr/local/go/bin:/home/marc/go/bin:/home/marc/Downloads/protoc-3.3.0-linux-x86_64/bin
10 verbose lifecycle mobius@0.0.1~dev: CWD: /home/marc/webdev/gui (copy)
11 silly lifecycle mobius@0.0.1~dev: Args: [ '-c', 'node server.js' ]
12 silly lifecycle mobius@0.0.1~dev: Returned: code: 1  signal: null
13 info lifecycle mobius@0.0.1~dev: Failed to exec dev script
14 verbose stack Error: mobius@0.0.1 dev: `node server.js`
14 verbose stack Exit status 1
14 verbose stack     at EventEmitter.<anonymous> (/usr/lib/node_modules/npm/lib/utils/lifecycle.js:255:16)
14 verbose stack     at emitTwo (events.js:106:13)
14 verbose stack     at EventEmitter.emit (events.js:191:7)
14 verbose stack     at ChildProcess.<anonymous> (/usr/lib/node_modules/npm/lib/utils/spawn.js:40:14)
14 verbose stack     at emitTwo (events.js:106:13)
14 verbose stack     at ChildProcess.emit (events.js:191:7)
14 verbose stack     at maybeClose (internal/child_process.js:920:16)
14 verbose stack     at Process.ChildProcess._handle.onexit (internal/child_process.js:230:5)
15 verbose pkgid mobius@0.0.1
16 verbose cwd /home/marc/webdev/gui (copy)
17 error Linux 4.4.0-92-generic
18 error argv "/usr/bin/node" "/usr/bin/npm" "run" "dev"
19 error node v6.11.4
20 error npm  v3.10.10
21 error code ELIFECYCLE
22 error mobius@0.0.1 dev: `node server.js`
22 error Exit status 1
23 error Failed at the mobius@0.0.1 dev script 'node server.js'.
23 error Make sure you have the latest version of node.js and npm installed.
23 error If you do, this is most likely a problem with the mobius package,
23 error not with npm itself.
23 error Tell the author that this fails on your system:
23 error     node server.js
23 error You can get information on how to open an issue for this project with:
23 error     npm bugs mobius
23 error Or if that isn't available, you can get their info via:
23 error     npm owner ls mobius
23 error There is likely additional logging output above.
24 verbose exit [ 1, true ]
